# JRE version: OpenJDK Runtime Environment Microsoft-8035246 (17.0.8+7) (build 17.0.8+7-LTS)
# Java VM: OpenJDK 64-Bit Server VM Microsoft-8035246 (17.0.8+7-LTS, mixed mode, sharing, tiered, compressed oops, compressed class ptrs, g1 gc, windows-amd64)
GC Precious Log:
 CPUs: 4 total, 4 available
 Memory: 6078M
 Large Page Support: Disabled
 NUMA Support: Disabled
 Compressed Oops: Enabled (32-bit)
 Heap Region Size: 1M
 Heap Min Capacity: 8M
 Heap Initial Capacity: 96M
 Heap Max Capacity: 2G
 Pre-touch: Disabled
 Parallel Workers: 4
 Concurrent Workers: 1
 Concurrent Refinement Workers: 4
 Periodic GC: Disabled
Heap:
 garbage-first heap   total 461824K, used 376275K [0x0000000080000000, 0x0000000100000000)
  region size 1024K, 130 young (133120K), 13 survivors (13312K)
 Metaspace       used 110061K, committed 111424K, reserved 557056K
  class space    used 15167K, committed 15808K, reserved 425984K
GC Heap History (20 events):
Event: 55.843 GC heap before
{Heap before GC invocations=41 (full 0):
 garbage-first heap   total 303104K, used 237664K [0x0000000080000000, 0x0000000100000000)
  region size 1024K, 119 young (121856K), 19 survivors (19456K)
 Metaspace       used 96729K, committed 97792K, reserved 557056K
  class space    used 13601K, committed 14080K, reserved 425984K
}
Event: 55.870 GC heap after
{Heap after GC invocations=42 (full 0):
 garbage-first heap   total 303104K, used 144384K [0x0000000080000000, 0x0000000100000000)
  region size 1024K, 9 young (9216K), 9 survivors (9216K)
 Metaspace       used 96729K, committed 97792K, reserved 557056K
  class space    used 13601K, committed 14080K, reserved 425984K
}
Event: 57.088 GC heap before
{Heap before GC invocations=42 (full 0):
 garbage-first heap   total 303104K, used 241664K [0x0000000080000000, 0x0000000100000000)
  region size 1024K, 104 young (106496K), 9 survivors (9216K)
 Metaspace       used 97152K, committed 98176K, reserved 557056K
  class space    used 13646K, committed 14144K, reserved 425984K
}
Event: 57.124 GC heap after
{Heap after GC invocations=43 (full 0):
 garbage-first heap   total 303104K, used 160256K [0x0000000080000000, 0x0000000100000000)
  region size 1024K, 13 young (13312K), 13 survivors (13312K)
 Metaspace       used 97152K, committed 98176K, reserved 557056K
  class space    used 13646K, committed 14144K, reserved 425984K
}
Event: 58.750 GC heap before
{Heap before GC invocations=43 (full 0):
 garbage-first heap   total 303104K, used 248320K [0x0000000080000000, 0x0000000100000000)
  region size 1024K, 93 young (95232K), 13 survivors (13312K)
 Metaspace       used 99994K, committed 101184K, reserved 557056K
  class space    used 14070K, committed 14592K, reserved 425984K
}
Event: 58.788 GC heap after
{Heap after GC invocations=44 (full 0):
 garbage-first heap   total 303104K, used 181760K [0x0000000080000000, 0x0000000100000000)
  region size 1024K, 12 young (12288K), 12 survivors (12288K)
 Metaspace       used 99994K, committed 101184K, reserved 557056K
  class space    used 14070K, committed 14592K, reserved 425984K
}
Event: 60.605 GC heap before
{Heap before GC invocations=44 (full 0):
 garbage-first heap   total 303104K, used 247296K [0x0000000080000000, 0x0000000100000000)
  region size 1024K, 76 young (77824K), 12 survivors (12288K)
 Metaspace       used 102433K, committed 103616K, reserved 557056K
  class space    used 14352K, committed 14912K, reserved 425984K
}
Event: 60.648 GC heap after
{Heap after GC invocations=45 (full 0):
 garbage-first heap   total 461824K, used 192512K [0x0000000080000000, 0x0000000100000000)
  region size 1024K, 10 young (10240K), 10 survivors (10240K)
 Metaspace       used 102433K, committed 103616K, reserved 557056K
  class space    used 14352K, committed 14912K, reserved 425984K
}
Event: 63.908 GC heap before
{Heap before GC invocations=45 (full 0):
 garbage-first heap   total 461824K, used 343040K [0x0000000080000000, 0x0000000100000000)
  region size 1024K, 157 young (160768K), 10 survivors (10240K)
 Metaspace       used 103995K, committed 105280K, reserved 557056K
  class space    used 14503K, committed 15104K, reserved 425984K
}
Event: 63.959 GC heap after
{Heap after GC invocations=46 (full 0):
 garbage-first heap   total 461824K, used 205824K [0x0000000080000000, 0x0000000100000000)
  region size 1024K, 20 young (20480K), 20 survivors (20480K)
 Metaspace       used 103995K, committed 105280K, reserved 557056K
  class space    used 14503K, committed 15104K, reserved 425984K
}
Event: 66.616 GC heap before
{Heap before GC invocations=46 (full 0):
 garbage-first heap   total 461824K, used 356352K [0x0000000080000000, 0x0000000100000000)
  region size 1024K, 164 young (167936K), 20 survivors (20480K)
 Metaspace       used 104403K, committed 105600K, reserved 557056K
  class space    used 14553K, committed 15104K, reserved 425984K
}
Event: 66.666 GC heap after
{Heap after GC invocations=47 (full 0):
 garbage-first heap   total 461824K, used 218161K [0x0000000080000000, 0x0000000100000000)
  region size 1024K, 13 young (13312K), 13 survivors (13312K)
 Metaspace       used 104403K, committed 105600K, reserved 557056K
  class space    used 14553K, committed 15104K, reserved 425984K
}
Event: 69.025 GC heap before
{Heap before GC invocations=47 (full 0):
 garbage-first heap   total 461824K, used 378929K [0x0000000080000000, 0x0000000100000000)
  region size 1024K, 153 young (156672K), 13 survivors (13312K)
 Metaspace       used 104671K, committed 105984K, reserved 557056K
  class space    used 14591K, committed 15168K, reserved 425984K
}
Event: 69.064 GC heap after
{Heap after GC invocations=48 (full 0):
 garbage-first heap   total 461824K, used 233472K [0x0000000080000000, 0x0000000100000000)
  region size 1024K, 13 young (13312K), 13 survivors (13312K)
 Metaspace       used 104671K, committed 105984K, reserved 557056K
  class space    used 14591K, committed 15168K, reserved 425984K
}
Event: 70.926 GC heap before
{Heap before GC invocations=48 (full 0):
 garbage-first heap   total 461824K, used 375808K [0x0000000080000000, 0x0000000100000000)
  region size 1024K, 145 young (148480K), 13 survivors (13312K)
 Metaspace       used 105000K, committed 106368K, reserved 557056K
  class space    used 14625K, committed 15232K, reserved 425984K
}
Event: 70.958 GC heap after
{Heap after GC invocations=49 (full 0):
 garbage-first heap   total 461824K, used 238080K [0x0000000080000000, 0x0000000100000000)
  region size 1024K, 10 young (10240K), 10 survivors (10240K)
 Metaspace       used 105000K, committed 106368K, reserved 557056K
  class space    used 14625K, committed 15232K, reserved 425984K
}
Event: 72.726 GC heap before
{Heap before GC invocations=49 (full 0):
 garbage-first heap   total 461824K, used 377344K [0x0000000080000000, 0x0000000100000000)
  region size 1024K, 142 young (145408K), 10 survivors (10240K)
 Metaspace       used 105143K, committed 106496K, reserved 557056K
  class space    used 14642K, committed 15232K, reserved 425984K
}
Event: 72.755 GC heap after
{Heap after GC invocations=50 (full 0):
 garbage-first heap   total 461824K, used 244676K [0x0000000080000000, 0x0000000100000000)
  region size 1024K, 16 young (16384K), 16 survivors (16384K)
 Metaspace       used 105143K, committed 106496K, reserved 557056K
  class space    used 14642K, committed 15232K, reserved 425984K
}
Event: 74.924 GC heap before
{Heap before GC invocations=50 (full 0):
 garbage-first heap   total 461824K, used 387012K [0x0000000080000000, 0x0000000100000000)
  region size 1024K, 147 young (150528K), 16 survivors (16384K)
 Metaspace       used 107402K, committed 108736K, reserved 557056K
  class space    used 14870K, committed 15488K, reserved 425984K
}
Event: 74.957 GC heap after
{Heap after GC invocations=51 (full 0):
 garbage-first heap   total 461824K, used 249299K [0x0000000080000000, 0x0000000100000000)
  region size 1024K, 13 young (13312K), 13 survivors (13312K)
 Metaspace       used 107402K, committed 108736K, reserved 557056K
  class space    used 14870K, committed 15488K, reserved 425984K
}

